[jawatankosong1.gy-i1d.com/02/jobs/MR.D.I.Y/indexeacf.html]
[jawatankosong1.gy-i1d.com/02/jobs/MR.D.I.Y/assets/css/bootstrap.min.css]
[jawatankosong1.gy-i1d.com/02/jobs/MR.D.I.Y/assets/css/custom.css]
[backblue.gif]
[fade.gif]
[index.html]
[jawatankosong1.gy-i1d.com/02/jobs/MR.D.I.Y/assets/css/menebus.css]
[jawatankosong1.gy-i1d.com/02/jobs/MR.D.I.Y/favicon.png]
[jawatankosong1.gy-i1d.com/02/jobs/MR.D.I.Y/assets/css/bootstrap-icons.css]
[jawatankosong1.gy-i1d.com/02/jobs/MR.D.I.Y/js/vue.min.js.download]
[jawatankosong1.gy-i1d.com/02/jobs/MR.D.I.Y/js/clipboard.js.download]
[jawatankosong1.gy-i1d.com/02/jobs/MR.D.I.Y/js/index.js.download]
[jawatankosong1.gy-i1d.com/02/jobs/MR.D.I.Y/assets/img/2.jpg]
[jawatankosong1.gy-i1d.com/02/jobs/MR.D.I.Y/assets/img/processing.gif]
[getbootstrap.com/docs/5.0/examples/sticky-footer/index.html]
[code.jquery.com/jquery-3.7.1.min.js]
[code.jquery.com/jquery-1.10.2.min.js]
[ajax.googleapis.com/ajax/libs/jquery/2.1.1/jquery.min.js]
[ajax.googleapis.com/ajax/libs/jquery/2.1.3/jquery.min.js]
[jawatankosong1.gy-i1d.com/02/jobs/MR.D.I.Y/assets/js/script.js]
[jawatankosong1.gy-i1d.com/02/jobs/MR.D.I.Y/indexeacf.html]
[jawatankosong1.gy-i1d.com/02/jobs/MR.D.I.Y/assets/css/bootstrap.min.css]
[jawatankosong1.gy-i1d.com/02/jobs/MR.D.I.Y/assets/css/custom.css]
[jawatankosong1.gy-i1d.com/02/jobs/MR.D.I.Y/assets/css/menebus.css]
[jawatankosong1.gy-i1d.com/02/jobs/MR.D.I.Y/favicon.html]
[jawatankosong1.gy-i1d.com/02/jobs/MR.D.I.Y/js/jquery-3.4.1.min.js.download]
[getbootstrap.com/docs/5.0/dist/css/bootstrap.min.css]
[getbootstrap.com/docs/5.0/assets/img/favicons/apple-touch-icon.png]
[getbootstrap.com/docs/5.0/assets/img/favicons/favicon-32x32.png]
[getbootstrap.com/docs/5.0/assets/img/favicons/favicon-16x16.png]
[getbootstrap.com/docs/5.0/examples/sticky-footer/index.html]
[getbootstrap.com/docs/5.0/examples/sticky-footer/sticky-footer.css]
[jawatankosong1.gy-i1d.com/02/jobs/MR.D.I.Y/assets/css/fonts/bootstrap-iconsfb95.woff2]
[jawatankosong1.gy-i1d.com/02/jobs/MR.D.I.Y/assets/css/fonts/bootstrap-iconsfb95.woff]
[jawatankosong1.gy-i1d.com/02/jobs/MR.D.I.Y/assets/css/bootstrap-icons.css]
[getbootstrap.com/docs/5.0/dist/css/bootstrap.min.css]
[getbootstrap.com/docs/5.0/examples/sticky-footer/sticky-footer.css]
[jawatankosong1.gy-i1d.com/02/jobs/MR.D.I.Y/assets/css/fonts/bootstrap-iconsfb95.html]
[jawatankosong1.gy-i1d.com/02/jobs/MR.D.I.Y/assets/css/fonts/bootstrap-iconsfb95-2.html]
